[Architectury Transformer] Architectury Runtime 5.2.87
[Architectury Transformer DEBUG] Closed File Systems for /Users/JunxiangZheng/Desktop/config_editor_multi/common/build/devlibs/config_editor-common-1.1.9-dev.jar
[Architectury Transformer DEBUG] Preparing tiny remapper prepared transformer: dev.architectury.transformer.handler.TinyRemapperPreparedTransformerHandler
[Architectury Transformer DEBUG] Provided 120 classpath jar(s):
[Architectury Transformer DEBUG]  - /Users/JunxiangZheng/.gradle/caches/modules-2/files-2.1/dev.architectury/architectury-injectables/1.0.10/62db2a366d662606d1b23ad02ccc3212ed37ec3/architectury-injectables-1.0.10.jar
[Architectury Transformer DEBUG]  - /Users/JunxiangZheng/.gradle/caches/modules-2/files-2.1/net.fabricmc/fabric-loader/0.18.1/2f1cf1fa62e868562f522698cce909fa1c474d36/fabric-loader-0.18.1.jar
[Architectury Transformer DEBUG]  - /Users/JunxiangZheng/.gradle/caches/modules-2/files-2.1/org.jetbrains/annotations/26.0.2/c7ce3cdeda3d18909368dfe5977332dfad326c6d/annotations-26.0.2.jar
[Architectury Transformer DEBUG]  - /Users/JunxiangZheng/.gradle/caches/modules-2/files-2.1/org.ow2.asm/asm/9.9/c29635c8a7afa03d74b33c1884df8abb2b3f3dcc/asm-9.9.jar
[Architectury Transformer DEBUG]  - /Users/JunxiangZheng/.gradle/caches/modules-2/files-2.1/org.ow2.asm/asm-analysis/9.9/bf4fa6e66638851c1cd22c2caea0c3ee5d5f437/asm-analysis-9.9.jar
[Architectury Transformer DEBUG]  - /Users/JunxiangZheng/.gradle/caches/modules-2/files-2.1/org.ow2.asm/asm-commons/9.9/db9165a3bf908ded6b08612d583a15d1d0c7bda0/asm-commons-9.9.jar
[Architectury Transformer DEBUG]  - /Users/JunxiangZheng/.gradle/caches/modules-2/files-2.1/org.ow2.asm/asm-tree/9.9/f8de6eead6d24dd0f45bd065bbe112b2cda6ea21/asm-tree-9.9.jar
[Architectury Transformer DEBUG]  - /Users/JunxiangZheng/.gradle/caches/modules-2/files-2.1/org.ow2.asm/asm-util/9.9/42fdfc0508b43807c8078d6e82ecff2ce2112ae8/asm-util-9.9.jar
[Architectury Transformer DEBUG]  - /Users/JunxiangZheng/.gradle/caches/modules-2/files-2.1/net.fabricmc/sponge-mixin/0.16.5+mixin.0.8.7/80fc3a9f592673cea87f4cd702f87991c6c9fe4d/sponge-mixin-0.16.5+mixin.0.8.7.jar
[Architectury Transformer DEBUG]  - /Users/JunxiangZheng/.gradle/caches/modules-2/files-2.1/io.github.llamalad7/mixinextras-fabric/0.5.0/91a83dfb7abd320f6236bd1fcf5c0ff143d59a13/mixinextras-fabric-0.5.0.jar
[Architectury Transformer DEBUG]  - /Users/JunxiangZheng/.gradle/caches/modules-2/files-2.1/ca.weblite/java-objc-bridge/1.1/1227f9e0666314f9de41477e3ec277e542ed7f7b/java-objc-bridge-1.1.jar
[Architectury Transformer DEBUG]  - /Users/JunxiangZheng/.gradle/caches/modules-2/files-2.1/com.fasterxml.jackson.core/jackson-annotations/2.13.4/858c6cc78e1f08a885b1613e1d817c829df70a6e/jackson-annotations-2.13.4.jar
[Architectury Transformer DEBUG]  - /Users/JunxiangZheng/.gradle/caches/modules-2/files-2.1/com.fasterxml.jackson.core/jackson-core/2.13.4/cf934c681294b97ef6d80082faeefbe1edadf56/jackson-core-2.13.4.jar
[Architectury Transformer DEBUG]  - /Users/JunxiangZheng/.gradle/caches/modules-2/files-2.1/com.fasterxml.jackson.core/jackson-databind/2.13.4.2/325c06bdfeb628cfb80ebaaf1a26cc1eb558a585/jackson-databind-2.13.4.2.jar
[Architectury Transformer DEBUG]  - /Users/JunxiangZheng/.gradle/caches/modules-2/files-2.1/com.github.oshi/oshi-core/6.6.5/e1099981fd15dc4236c4499d82aba1276fb43a9a/oshi-core-6.6.5.jar
[Architectury Transformer DEBUG]  - /Users/JunxiangZheng/.gradle/caches/modules-2/files-2.1/com.github.stephenc.jcip/jcip-annotations/1.0-1/ef31541dd28ae2cefdd17c7ebf352d93e9058c63/jcip-annotations-1.0-1.jar
[Architectury Transformer DEBUG]  - /Users/JunxiangZheng/.gradle/caches/modules-2/files-2.1/com.google.code.gson/gson/2.11.0/527175ca6d81050b53bdd4c457a6d6e017626b0e/gson-2.11.0.jar
[Architectury Transformer DEBUG]  - /Users/JunxiangZheng/.gradle/caches/modules-2/files-2.1/com.google.guava/failureaccess/1.0.2/c4a06a64e650562f30b7bf9aaec1bfed43aca12b/failureaccess-1.0.2.jar
[Architectury Transformer DEBUG]  - /Users/JunxiangZheng/.gradle/caches/modules-2/files-2.1/com.google.guava/guava/33.3.1-jre/852f8b363da0111e819460021ca693cacca3e8db/guava-33.3.1-jre.jar
[Architectury Transformer DEBUG]  - /Users/JunxiangZheng/.gradle/caches/modules-2/files-2.1/com.ibm.icu/icu4j/76.1/215f3a8e936d4069344bd75f2b1368fd58112894/icu4j-76.1.jar
[Architectury Transformer DEBUG]  - /Users/JunxiangZheng/.gradle/caches/modules-2/files-2.1/com.microsoft.azure/msal4j/1.17.2/a6211e3d71d0388929babaa0ff0951b30d001852/msal4j-1.17.2.jar
[Architectury Transformer DEBUG]  - /Users/JunxiangZheng/.gradle/caches/modules-2/files-2.1/com.mojang/authlib/7.0.61/efee1e6b54e863108576eb3b3ae71144626aaefc/authlib-7.0.61.jar
[Architectury Transformer DEBUG]  - /Users/JunxiangZheng/.gradle/caches/modules-2/files-2.1/com.mojang/blocklist/1.0.10/5c685c5ffa94c4cd39496c7184c1d122e515ecef/blocklist-1.0.10.jar
[Architectury Transformer DEBUG]  - /Users/JunxiangZheng/.gradle/caches/modules-2/files-2.1/com.mojang/brigadier/1.3.10/d15b53a14cf20fdcaa98f731af5dda654452c010/brigadier-1.3.10.jar
[Architectury Transformer DEBUG]  - /Users/JunxiangZheng/.gradle/caches/modules-2/files-2.1/com.mojang/datafixerupper/8.0.16/67d4de6d7f95d89bcf5862995fb854ebaec02a34/datafixerupper-8.0.16.jar
[Architectury Transformer DEBUG]  - /Users/JunxiangZheng/.gradle/caches/modules-2/files-2.1/com.mojang/jtracy/1.0.36/20a63d06b621bfeb3cb21ef51b7fa40c0fc22021/jtracy-1.0.36.jar
[Architectury Transformer DEBUG]  - /Users/JunxiangZheng/.gradle/caches/modules-2/files-2.1/com.mojang/logging/1.5.10/9ab1202793717af9df9c1704d0a02892067001eb/logging-1.5.10.jar
[Architectury Transformer DEBUG]  - /Users/JunxiangZheng/.gradle/caches/modules-2/files-2.1/com.mojang/patchy/2.2.10/da05971b07cbb379d002cf7eaec6a2048211fefc/patchy-2.2.10.jar
[Architectury Transformer DEBUG]  - /Users/JunxiangZheng/.gradle/caches/modules-2/files-2.1/com.mojang/text2speech/1.18.11/e853a12cdd6ba4f4836e8f4bf3b37844a13482b6/text2speech-1.18.11.jar
[Architectury Transformer DEBUG]  - /Users/JunxiangZheng/.gradle/caches/modules-2/files-2.1/com.nimbusds/content-type/2.3/e3aa0be212d7a42839a8f3f506f5b990bcce0222/content-type-2.3.jar
[Architectury Transformer DEBUG]  - /Users/JunxiangZheng/.gradle/caches/modules-2/files-2.1/com.nimbusds/lang-tag/1.7/97c73ecd70bc7e8eefb26c5eea84f251a63f1031/lang-tag-1.7.jar
[Architectury Transformer DEBUG]  - /Users/JunxiangZheng/.gradle/caches/modules-2/files-2.1/com.nimbusds/nimbus-jose-jwt/9.40/42b1dfa0360e4062951b070bac52dd8d96fd7b38/nimbus-jose-jwt-9.40.jar
[Architectury Transformer DEBUG]  - /Users/JunxiangZheng/.gradle/caches/modules-2/files-2.1/com.nimbusds/oauth2-oidc-sdk/11.18/7c7ec4f4066625ff07a711ad856fa04da1ff9de/oauth2-oidc-sdk-11.18.jar
[Architectury Transformer DEBUG]  - /Users/JunxiangZheng/.gradle/caches/modules-2/files-2.1/commons-codec/commons-codec/1.17.1/973638b7149d333563584137ebf13a691bb60579/commons-codec-1.17.1.jar
[Architectury Transformer DEBUG]  - /Users/JunxiangZheng/.gradle/caches/modules-2/files-2.1/commons-io/commons-io/2.17.0/ddcc8433eb019fb48fe25207c0278143f3e1d7e2/commons-io-2.17.0.jar
[Architectury Transformer DEBUG]  - /Users/JunxiangZheng/.gradle/caches/modules-2/files-2.1/commons-logging/commons-logging/1.3.4/b9fc14968d63a8b8a8a2c1885fe3e90564239708/commons-logging-1.3.4.jar
[Architectury Transformer DEBUG]  - /Users/JunxiangZheng/.gradle/caches/modules-2/files-2.1/io.netty/netty-buffer/4.1.118.Final/7022990af1e0d449f9d5322035899745e19735c5/netty-buffer-4.1.118.Final.jar
[Architectury Transformer DEBUG]  - /Users/JunxiangZheng/.gradle/caches/modules-2/files-2.1/io.netty/netty-codec-http/4.1.118.Final/eda08a71294afe78c779b85fd696bc13491507a8/netty-codec-http-4.1.118.Final.jar
[Architectury Transformer DEBUG]  - /Users/JunxiangZheng/.gradle/caches/modules-2/files-2.1/io.netty/netty-codec/4.1.118.Final/307f665c08ce57333121de4f460479fc0c3c94d4/netty-codec-4.1.118.Final.jar
[Architectury Transformer DEBUG]  - /Users/JunxiangZheng/.gradle/caches/modules-2/files-2.1/io.netty/netty-common/4.1.118.Final/4bb0f9899146484fa89f7b9bc27389d5b8e2ecde/netty-common-4.1.118.Final.jar
[Architectury Transformer DEBUG]  - /Users/JunxiangZheng/.gradle/caches/modules-2/files-2.1/io.netty/netty-handler/4.1.118.Final/30ebb05b6b0fb071dbfcf713017c4a767a97bb9b/netty-handler-4.1.118.Final.jar
[Architectury Transformer DEBUG]  - /Users/JunxiangZheng/.gradle/caches/modules-2/files-2.1/io.netty/netty-resolver/4.1.118.Final/28c378c19c1779eca1104b400452627f3ebc4aea/netty-resolver-4.1.118.Final.jar
[Architectury Transformer DEBUG]  - /Users/JunxiangZheng/.gradle/caches/modules-2/files-2.1/io.netty/netty-transport-classes-epoll/4.1.118.Final/376ce95507066f0e755d97c1c8bcd6c33f657617/netty-transport-classes-epoll-4.1.118.Final.jar
[Architectury Transformer DEBUG]  - /Users/JunxiangZheng/.gradle/caches/modules-2/files-2.1/io.netty/netty-transport-native-unix-common/4.1.118.Final/9da25a94e6a0edac90da0bc7894e5a54efcb866b/netty-transport-native-unix-common-4.1.118.Final.jar
[Architectury Transformer DEBUG]  - /Users/JunxiangZheng/.gradle/caches/modules-2/files-2.1/io.netty/netty-transport/4.1.118.Final/5a27232e5d08218722d94ca14f0b1b4576e7711c/netty-transport-4.1.118.Final.jar
[Architectury Transformer DEBUG]  - /Users/JunxiangZheng/.gradle/caches/modules-2/files-2.1/it.unimi.dsi/fastutil/8.5.15/1e885b40c9563ab0d3899b871fd0b30e958705dc/fastutil-8.5.15.jar
[Architectury Transformer DEBUG]  - /Users/JunxiangZheng/.gradle/caches/modules-2/files-2.1/net.java.dev.jna/jna-platform/5.15.0/86b502cad57d45da172b5e3231c537b042e296ef/jna-platform-5.15.0.jar
[Architectury Transformer DEBUG]  - /Users/JunxiangZheng/.gradle/caches/modules-2/files-2.1/net.java.dev.jna/jna/5.15.0/1ee1d80ff44f08280188f7c0e740d57207841ac/jna-5.15.0.jar
[Architectury Transformer DEBUG]  - /Users/JunxiangZheng/.gradle/caches/modules-2/files-2.1/net.minidev/accessors-smart/2.5.1/19b820261eb2e7de7d5bde11d1c06e4501dd7e5f/accessors-smart-2.5.1.jar
[Architectury Transformer DEBUG]  - /Users/JunxiangZheng/.gradle/caches/modules-2/files-2.1/net.minidev/json-smart/2.5.1/4c11d2808d009132dfbbf947ebf37de6bf266c8e/json-smart-2.5.1.jar
[Architectury Transformer DEBUG]  - /Users/JunxiangZheng/.gradle/caches/modules-2/files-2.1/net.sf.jopt-simple/jopt-simple/5.0.4/4fdac2fbe92dfad86aa6e9301736f6b4342a3f5c/jopt-simple-5.0.4.jar
[Architectury Transformer DEBUG]  - /Users/JunxiangZheng/.gradle/caches/modules-2/files-2.1/org.apache.commons/commons-compress/1.27.1/a19151084758e2fbb6b41eddaa88e7b8ff4e6599/commons-compress-1.27.1.jar
[Architectury Transformer DEBUG]  - /Users/JunxiangZheng/.gradle/caches/modules-2/files-2.1/org.apache.commons/commons-lang3/3.17.0/b17d2136f0460dcc0d2016ceefca8723bdf4ee70/commons-lang3-3.17.0.jar
[Architectury Transformer DEBUG]  - /Users/JunxiangZheng/.gradle/caches/modules-2/files-2.1/org.apache.httpcomponents/httpclient/4.5.14/1194890e6f56ec29177673f2f12d0b8e627dec98/httpclient-4.5.14.jar
[Architectury Transformer DEBUG]  - /Users/JunxiangZheng/.gradle/caches/modules-2/files-2.1/org.apache.httpcomponents/httpcore/4.4.16/51cf043c87253c9f58b539c9f7e44c8894223850/httpcore-4.4.16.jar
[Architectury Transformer DEBUG]  - /Users/JunxiangZheng/.gradle/caches/modules-2/files-2.1/org.apache.logging.log4j/log4j-api/2.24.1/7ebeb12c20606373005af4232cd0ecca72613dda/log4j-api-2.24.1.jar
[Architectury Transformer DEBUG]  - /Users/JunxiangZheng/.gradle/caches/modules-2/files-2.1/org.apache.logging.log4j/log4j-core/2.24.1/c85285146f28d8c8962384f786e2dff04172fb43/log4j-core-2.24.1.jar
[Architectury Transformer DEBUG]  - /Users/JunxiangZheng/.gradle/caches/modules-2/files-2.1/org.apache.logging.log4j/log4j-slf4j2-impl/2.24.1/8e3ddc96464ef7f768823e7e001a52b23de8cd0a/log4j-slf4j2-impl-2.24.1.jar
[Architectury Transformer DEBUG]  - /Users/JunxiangZheng/.gradle/caches/modules-2/files-2.1/org.jcraft/jorbis/0.0.17/8872d22b293e8f5d7d56ff92be966e6dc28ebdc6/jorbis-0.0.17.jar
[Architectury Transformer DEBUG]  - /Users/JunxiangZheng/.gradle/caches/modules-2/files-2.1/org.joml/joml/1.10.8/fc0a71dad90a2cf41d82a76156a0e700af8e4f8d/joml-1.10.8.jar
[Architectury Transformer DEBUG]  - /Users/JunxiangZheng/.gradle/caches/modules-2/files-2.1/org.lwjgl/lwjgl-freetype/3.3.3/a0db6c84a8becc8ca05f9dbfa985edc348a824c7/lwjgl-freetype-3.3.3.jar
[Architectury Transformer DEBUG]  - /Users/JunxiangZheng/.gradle/caches/modules-2/files-2.1/org.lwjgl/lwjgl-glfw/3.3.3/efa1eb78c5ccd840e9f329717109b5e892d72f8e/lwjgl-glfw-3.3.3.jar
[Architectury Transformer DEBUG]  - /Users/JunxiangZheng/.gradle/caches/modules-2/files-2.1/org.lwjgl/lwjgl-jemalloc/3.3.3/b543467b7ff3c6920539a88ee602d34098628be5/lwjgl-jemalloc-3.3.3.jar
[Architectury Transformer DEBUG]  - /Users/JunxiangZheng/.gradle/caches/modules-2/files-2.1/org.lwjgl/lwjgl-openal/3.3.3/daada81ceb5fc0c291fbfdd4433cb8d9423577f2/lwjgl-openal-3.3.3.jar
[Architectury Transformer DEBUG]  - /Users/JunxiangZheng/.gradle/caches/modules-2/files-2.1/org.lwjgl/lwjgl-opengl/3.3.3/2f6b0147078396a58979125a4c947664e98293a/lwjgl-opengl-3.3.3.jar
[Architectury Transformer DEBUG]  - /Users/JunxiangZheng/.gradle/caches/modules-2/files-2.1/org.lwjgl/lwjgl-stb/3.3.3/25dd6161988d7e65f71d5065c99902402ee32746/lwjgl-stb-3.3.3.jar
[Architectury Transformer DEBUG]  - /Users/JunxiangZheng/.gradle/caches/modules-2/files-2.1/org.lwjgl/lwjgl-tinyfd/3.3.3/82d755ca94b102e9ca77283b9e2dc46d1b15fbe5/lwjgl-tinyfd-3.3.3.jar
[Architectury Transformer DEBUG]  - /Users/JunxiangZheng/.gradle/caches/modules-2/files-2.1/org.lwjgl/lwjgl/3.3.3/29589b5f87ed335a6c7e7ee6a5775f81f97ecb84/lwjgl-3.3.3.jar
[Architectury Transformer DEBUG]  - /Users/JunxiangZheng/.gradle/caches/modules-2/files-2.1/org.lz4/lz4-java/1.8.0/4b986a99445e49ea5fbf5d149c4b63f6ed6c6780/lz4-java-1.8.0.jar
[Architectury Transformer DEBUG]  - /Users/JunxiangZheng/.gradle/caches/modules-2/files-2.1/org.slf4j/slf4j-api/2.0.16/172931663a09a1fa515567af5fbef00897d3c04/slf4j-api-2.0.16.jar
[Architectury Transformer DEBUG]  - /Users/JunxiangZheng/Desktop/config_editor_multi/.gradle/loom-cache/minecraftMaven/net/minecraft/minecraft-merged-02162a0739/1.21.10-loom.mappings.1_21_10.layered+hash.1671888012-v2/minecraft-merged-02162a0739-1.21.10-loom.mappings.1_21_10.layered+hash.1671888012-v2.jar
[Architectury Transformer DEBUG]  - /Users/JunxiangZheng/.gradle/caches/modules-2/files-2.1/io.netty/netty-transport-native-epoll/4.1.118.Final/7e6b89e3746acb7cf6f0aad993bbd058fc6d912e/netty-transport-native-epoll-4.1.118.Final-linux-x86_64.jar
[Architectury Transformer DEBUG]  - /Users/JunxiangZheng/.gradle/caches/modules-2/files-2.1/io.netty/netty-transport-native-epoll/4.1.118.Final/82f94d0a9d837f6b6a580379373310ff7288c0f8/netty-transport-native-epoll-4.1.118.Final-linux-aarch_64.jar
[Architectury Transformer DEBUG]  - /Users/JunxiangZheng/Desktop/config_editor_multi/.gradle/loom-cache/remapped_mods/remapped/net/fabricmc/fabric-api/fabric-api-5c847788/0.138.3+1.21.10/fabric-api-5c847788-0.138.3+1.21.10.jar
[Architectury Transformer DEBUG]  - /Users/JunxiangZheng/Desktop/config_editor_multi/.gradle/loom-cache/remapped_mods/remapped/dev/architectury/architectury-fabric-5c847788/18.0.6/architectury-fabric-5c847788-18.0.6.jar
[Architectury Transformer DEBUG]  - /Users/JunxiangZheng/Desktop/config_editor_multi/.gradle/loom-cache/remapped_mods/remapped/net/fabricmc/fabric-api/fabric-transfer-api-v1-5c847788/6.0.15+79ec2c126f/fabric-transfer-api-v1-5c847788-6.0.15+79ec2c126f.jar
[Architectury Transformer DEBUG]  - /Users/JunxiangZheng/Desktop/config_editor_multi/.gradle/loom-cache/remapped_mods/remapped/net/fabricmc/fabric-api/fabric-api-lookup-api-v1-5c847788/1.6.106+d17682156f/fabric-api-lookup-api-v1-5c847788-1.6.106+d17682156f.jar
[Architectury Transformer DEBUG]  - /Users/JunxiangZheng/Desktop/config_editor_multi/.gradle/loom-cache/remapped_mods/remapped/net/fabricmc/fabric-api/fabric-command-api-v2-5c847788/2.4.0+c0ab2d5d6f/fabric-command-api-v2-5c847788-2.4.0+c0ab2d5d6f.jar
[Architectury Transformer DEBUG]  - /Users/JunxiangZheng/Desktop/config_editor_multi/.gradle/loom-cache/remapped_mods/remapped/net/fabricmc/fabric-api/fabric-content-registries-v0-5c847788/10.2.6+b6a242646f/fabric-content-registries-v0-5c847788-10.2.6+b6a242646f.jar
[Architectury Transformer DEBUG]  - /Users/JunxiangZheng/Desktop/config_editor_multi/.gradle/loom-cache/remapped_mods/remapped/net/fabricmc/fabric-api/fabric-data-generation-api-v1-5c847788/23.2.27+d8b85ef16f/fabric-data-generation-api-v1-5c847788-23.2.27+d8b85ef16f.jar
[Architectury Transformer DEBUG]  - /Users/JunxiangZheng/Desktop/config_editor_multi/.gradle/loom-cache/remapped_mods/remapped/net/fabricmc/fabric-api/fabric-convention-tags-v1-5c847788/2.1.49+7f945d5b6f/fabric-convention-tags-v1-5c847788-2.1.49+7f945d5b6f.jar
[Architectury Transformer DEBUG]  - /Users/JunxiangZheng/Desktop/config_editor_multi/.gradle/loom-cache/remapped_mods/remapped/net/fabricmc/fabric-api/fabric-convention-tags-v2-5c847788/2.17.0+ff7bc77d6f/fabric-convention-tags-v2-5c847788-2.17.0+ff7bc77d6f.jar
[Architectury Transformer DEBUG]  - /Users/JunxiangZheng/Desktop/config_editor_multi/.gradle/loom-cache/remapped_mods/remapped/net/fabricmc/fabric-api/fabric-data-attachment-api-v1-5c847788/1.8.33+cd3b9e596f/fabric-data-attachment-api-v1-5c847788-1.8.33+cd3b9e596f.jar
[Architectury Transformer DEBUG]  - /Users/JunxiangZheng/Desktop/config_editor_multi/.gradle/loom-cache/remapped_mods/remapped/net/fabricmc/fabric-api/fabric-entity-events-v1-5c847788/2.1.13+fde3702c6f/fabric-entity-events-v1-5c847788-2.1.13+fde3702c6f.jar
[Architectury Transformer DEBUG]  - /Users/JunxiangZheng/Desktop/config_editor_multi/.gradle/loom-cache/remapped_mods/remapped/net/fabricmc/fabric-api/fabric-events-interaction-v0-5c847788/4.0.36+5ba217126f/fabric-events-interaction-v0-5c847788-4.0.36+5ba217126f.jar
[Architectury Transformer DEBUG]  - /Users/JunxiangZheng/Desktop/config_editor_multi/.gradle/loom-cache/remapped_mods/remapped/net/fabricmc/fabric-api/fabric-gametest-api-v1-5c847788/3.1.21+33df5e6e6f/fabric-gametest-api-v1-5c847788-3.1.21+33df5e6e6f.jar
[Architectury Transformer DEBUG]  - /Users/JunxiangZheng/Desktop/config_editor_multi/.gradle/loom-cache/remapped_mods/remapped/net/fabricmc/fabric-api/fabric-item-api-v1-5c847788/11.5.11+9bce411b6f/fabric-item-api-v1-5c847788-11.5.11+9bce411b6f.jar
[Architectury Transformer DEBUG]  - /Users/JunxiangZheng/Desktop/config_editor_multi/.gradle/loom-cache/remapped_mods/remapped/net/fabricmc/fabric-api/fabric-item-group-api-v1-5c847788/4.2.27+86b3ae576f/fabric-item-group-api-v1-5c847788-4.2.27+86b3ae576f.jar
[Architectury Transformer DEBUG]  - /Users/JunxiangZheng/Desktop/config_editor_multi/.gradle/loom-cache/remapped_mods/remapped/net/fabricmc/fabric-api/fabric-recipe-api-v1-5c847788/8.2.0+39709ef06f/fabric-recipe-api-v1-5c847788-8.2.0+39709ef06f.jar
[Architectury Transformer DEBUG]  - /Users/JunxiangZheng/Desktop/config_editor_multi/.gradle/loom-cache/remapped_mods/remapped/net/fabricmc/fabric-api/fabric-model-loading-api-v1-5c847788/6.0.4+3ffd6ef06f/fabric-model-loading-api-v1-5c847788-6.0.4+3ffd6ef06f.jar
[Architectury Transformer DEBUG]  - /Users/JunxiangZheng/Desktop/config_editor_multi/.gradle/loom-cache/remapped_mods/remapped/net/fabricmc/fabric-api/fabric-renderer-indigo-5c847788/4.1.3+d7df91576f/fabric-renderer-indigo-5c847788-4.1.3+d7df91576f.jar
[Architectury Transformer DEBUG]  - /Users/JunxiangZheng/Desktop/config_editor_multi/.gradle/loom-cache/remapped_mods/remapped/net/fabricmc/fabric-api/fabric-renderer-api-v1-5c847788/7.2.2+3706cdf36f/fabric-renderer-api-v1-5c847788-7.2.2+3706cdf36f.jar
[Architectury Transformer DEBUG]  - /Users/JunxiangZheng/Desktop/config_editor_multi/.gradle/loom-cache/remapped_mods/remapped/net/fabricmc/fabric-api/fabric-rendering-v1-5c847788/16.2.0+bee81f016f/fabric-rendering-v1-5c847788-16.2.0+bee81f016f.jar
[Architectury Transformer DEBUG]  - /Users/JunxiangZheng/Desktop/config_editor_multi/.gradle/loom-cache/remapped_mods/remapped/net/fabricmc/fabric-api/fabric-lifecycle-events-v1-5c847788/2.6.9+33df5e6e6f/fabric-lifecycle-events-v1-5c847788-2.6.9+33df5e6e6f.jar
[Architectury Transformer DEBUG]  - /Users/JunxiangZheng/Desktop/config_editor_multi/.gradle/loom-cache/remapped_mods/remapped/net/fabricmc/fabric-api/fabric-loot-api-v2-5c847788/3.0.67+3f89f5a56f/fabric-loot-api-v2-5c847788-3.0.67+3f89f5a56f.jar
[Architectury Transformer DEBUG]  - /Users/JunxiangZheng/Desktop/config_editor_multi/.gradle/loom-cache/remapped_mods/remapped/net/fabricmc/fabric-api/fabric-loot-api-v3-5c847788/2.0.14+d17682156f/fabric-loot-api-v3-5c847788-2.0.14+d17682156f.jar
[Architectury Transformer DEBUG]  - /Users/JunxiangZheng/Desktop/config_editor_multi/.gradle/loom-cache/remapped_mods/remapped/net/fabricmc/fabric-api/fabric-message-api-v1-5c847788/6.1.7+3154c1c86f/fabric-message-api-v1-5c847788-6.1.7+3154c1c86f.jar
[Architectury Transformer DEBUG]  - /Users/JunxiangZheng/Desktop/config_editor_multi/.gradle/loom-cache/remapped_mods/remapped/net/fabricmc/fabric-api/fabric-particles-v1-5c847788/4.2.3+a0ee59a46f/fabric-particles-v1-5c847788-4.2.3+a0ee59a46f.jar
[Architectury Transformer DEBUG]  - /Users/JunxiangZheng/Desktop/config_editor_multi/.gradle/loom-cache/remapped_mods/remapped/net/fabricmc/fabric-api/fabric-object-builder-api-v1-5c847788/21.1.28+9bce411b6f/fabric-object-builder-api-v1-5c847788-21.1.28+9bce411b6f.jar
[Architectury Transformer DEBUG]  - /Users/JunxiangZheng/Desktop/config_editor_multi/.gradle/loom-cache/remapped_mods/remapped/net/fabricmc/fabric-api/fabric-screen-handler-api-v1-5c847788/1.3.151+d17682156f/fabric-screen-handler-api-v1-5c847788-1.3.151+d17682156f.jar
[Architectury Transformer DEBUG]  - /Users/JunxiangZheng/Desktop/config_editor_multi/.gradle/loom-cache/remapped_mods/remapped/net/fabricmc/fabric-api/fabric-registry-sync-v0-5c847788/6.1.42+679c8c5c6f/fabric-registry-sync-v0-5c847788-6.1.42+679c8c5c6f.jar
[Architectury Transformer DEBUG]  - /Users/JunxiangZheng/Desktop/config_editor_multi/.gradle/loom-cache/remapped_mods/remapped/net/fabricmc/fabric-api/fabric-networking-api-v1-5c847788/5.1.0+b095d8db6f/fabric-networking-api-v1-5c847788-5.1.0+b095d8db6f.jar
[Architectury Transformer DEBUG]  - /Users/JunxiangZheng/Desktop/config_editor_multi/.gradle/loom-cache/remapped_mods/remapped/net/fabricmc/fabric-api/fabric-rendering-fluids-v1-5c847788/3.1.38+86b3ae576f/fabric-rendering-fluids-v1-5c847788-3.1.38+86b3ae576f.jar
[Architectury Transformer DEBUG]  - /Users/JunxiangZheng/Desktop/config_editor_multi/.gradle/loom-cache/remapped_mods/remapped/net/fabricmc/fabric-api/fabric-tag-api-v1-5c847788/1.2.13+2fa446b26f/fabric-tag-api-v1-5c847788-1.2.13+2fa446b26f.jar
[Architectury Transformer DEBUG]  - /Users/JunxiangZheng/Desktop/config_editor_multi/.gradle/loom-cache/remapped_mods/remapped/net/fabricmc/fabric-api/fabric-resource-loader-v0-5c847788/3.3.1+d4d4122a6f/fabric-resource-loader-v0-5c847788-3.3.1+d4d4122a6f.jar
[Architectury Transformer DEBUG]  - /Users/JunxiangZheng/Desktop/config_editor_multi/.gradle/loom-cache/remapped_mods/remapped/net/fabricmc/fabric-api/fabric-resource-loader-v1-5c847788/1.0.4+14959b836f/fabric-resource-loader-v1-5c847788-1.0.4+14959b836f.jar
[Architectury Transformer DEBUG]  - /Users/JunxiangZheng/Desktop/config_editor_multi/.gradle/loom-cache/remapped_mods/remapped/net/fabricmc/fabric-api/fabric-screen-api-v1-5c847788/3.1.0+9c82a7986f/fabric-screen-api-v1-5c847788-3.1.0+9c82a7986f.jar
[Architectury Transformer DEBUG]  - /Users/JunxiangZheng/Desktop/config_editor_multi/.gradle/loom-cache/remapped_mods/remapped/net/fabricmc/fabric-api/fabric-api-base-5c847788/1.0.0+14b92d896f/fabric-api-base-5c847788-1.0.0+14b92d896f.jar
[Architectury Transformer DEBUG]  - /Users/JunxiangZheng/Desktop/config_editor_multi/.gradle/loom-cache/remapped_mods/remapped/net/fabricmc/fabric-api/fabric-biome-api-v1-5c847788/16.1.0+c2417d4f6f/fabric-biome-api-v1-5c847788-16.1.0+c2417d4f6f.jar
[Architectury Transformer DEBUG]  - /Users/JunxiangZheng/Desktop/config_editor_multi/.gradle/loom-cache/remapped_mods/remapped/net/fabricmc/fabric-api/fabric-block-api-v1-5c847788/1.1.5+d17682156f/fabric-block-api-v1-5c847788-1.1.5+d17682156f.jar
[Architectury Transformer DEBUG]  - /Users/JunxiangZheng/Desktop/config_editor_multi/.gradle/loom-cache/remapped_mods/remapped/net/fabricmc/fabric-api/fabric-block-view-api-v2-5c847788/1.0.34+e4fd1b926f/fabric-block-view-api-v2-5c847788-1.0.34+e4fd1b926f.jar
[Architectury Transformer DEBUG]  - /Users/JunxiangZheng/Desktop/config_editor_multi/.gradle/loom-cache/remapped_mods/remapped/net/fabricmc/fabric-api/fabric-client-gametest-api-v1-5c847788/4.2.13+14b92d896f/fabric-client-gametest-api-v1-5c847788-4.2.13+14b92d896f.jar
[Architectury Transformer DEBUG]  - /Users/JunxiangZheng/Desktop/config_editor_multi/.gradle/loom-cache/remapped_mods/remapped/net/fabricmc/fabric-api/fabric-crash-report-info-v1-5c847788/0.3.18+33df5e6e6f/fabric-crash-report-info-v1-5c847788-0.3.18+33df5e6e6f.jar
[Architectury Transformer DEBUG]  - /Users/JunxiangZheng/Desktop/config_editor_multi/.gradle/loom-cache/remapped_mods/remapped/net/fabricmc/fabric-api/fabric-dimensions-v1-5c847788/4.0.22+38b9cc196f/fabric-dimensions-v1-5c847788-4.0.22+38b9cc196f.jar
[Architectury Transformer DEBUG]  - /Users/JunxiangZheng/Desktop/config_editor_multi/.gradle/loom-cache/remapped_mods/remapped/net/fabricmc/fabric-api/fabric-game-rule-api-v1-5c847788/1.1.1+e47eaae56f/fabric-game-rule-api-v1-5c847788-1.1.1+e47eaae56f.jar
[Architectury Transformer DEBUG]  - /Users/JunxiangZheng/Desktop/config_editor_multi/.gradle/loom-cache/remapped_mods/remapped/net/fabricmc/fabric-api/fabric-key-binding-api-v1-5c847788/1.1.1+b3ba9c486f/fabric-key-binding-api-v1-5c847788-1.1.1+b3ba9c486f.jar
[Architectury Transformer DEBUG]  - /Users/JunxiangZheng/Desktop/config_editor_multi/.gradle/loom-cache/remapped_mods/remapped/net/fabricmc/fabric-api/fabric-resource-conditions-api-v1-5c847788/5.0.28+33df5e6e6f/fabric-resource-conditions-api-v1-5c847788-5.0.28+33df5e6e6f.jar
[Architectury Transformer DEBUG]  - /Users/JunxiangZheng/Desktop/config_editor_multi/.gradle/loom-cache/remapped_mods/remapped/net/fabricmc/fabric-api/fabric-serialization-api-v1-5c847788/1.0.0+d857c9766f/fabric-serialization-api-v1-5c847788-1.0.0+d857c9766f.jar
[Architectury Transformer DEBUG]  - /Users/JunxiangZheng/Desktop/config_editor_multi/.gradle/loom-cache/remapped_mods/remapped/net/fabricmc/fabric-api/fabric-sound-api-v1-5c847788/1.0.45+328a75ba6f/fabric-sound-api-v1-5c847788-1.0.45+328a75ba6f.jar
[Architectury Transformer DEBUG]  - /Users/JunxiangZheng/Desktop/config_editor_multi/.gradle/loom-cache/remapped_mods/remapped/net/fabricmc/fabric-api/fabric-transitive-access-wideners-v1-5c847788/6.5.3+41eb43436f/fabric-transitive-access-wideners-v1-5c847788-6.5.3+41eb43436f.jar
[Architectury Transformer] Read classpath in 5.080 s
[Architectury Transformer DEBUG] Closed File Systems for /Users/JunxiangZheng/Desktop/config_editor_multi/common/build/devlibs/config_editor-common-1.1.9-dev.jar
[Architectury Transformer DEBUG] Transforming 5 transformer(s) from /Users/JunxiangZheng/Desktop/config_editor_multi/common/build/devlibs/config_editor-common-1.1.9-dev.jar to /var/folders/d2/kkprk53n2376fxf520276h_h0000gn/T/13653735529066956261.jar: 
[Architectury Transformer DEBUG]  - dev.architectury.transformer.transformers.RuntimeMixinRefmapDetector@3c19aaa5
[Architectury Transformer DEBUG]  - dev.architectury.transformer.transformers.GenerateFakeFabricMod@3349e9bb
[Architectury Transformer DEBUG]  - dev.architectury.transformer.transformers.TransformExpectPlatform@409bf450
[Architectury Transformer DEBUG]  - dev.architectury.transformer.transformers.RemapInjectables@38d8f54a
[Architectury Transformer DEBUG]  - dev.architectury.transformer.transformers.TransformPlatformOnly@49e53c76
[Architectury Transformer DEBUG] Transforming from /Users/JunxiangZheng/Desktop/config_editor_multi/common/build/devlibs/config_editor-common-1.1.9-dev.jar to /var/folders/d2/kkprk53n2376fxf520276h_h0000gn/T/13653735529066956261.jar with 5 transformer(s) on dev.architectury.transformer.handler.SimpleTransformerHandler
[Architectury Transformer DEBUG] Found class transformer
[Architectury Transformer DEBUG] Writing io/github/zhengzhengyiyi/util/FileLockUtil with maxs=true frames=true
[Architectury Transformer DEBUG] Writing io/github/zhengzhengyiyi/util/JSONValidator with maxs=true frames=true
[Architectury Transformer DEBUG] Writing io/github/zhengzhengyiyi/util/BackupHelper$1 with maxs=true frames=true
[Architectury Transformer DEBUG] Writing io/github/zhengzhengyiyi/util/PerformanceMonitor$OperationStats with maxs=true frames=true
[Architectury Transformer DEBUG] Writing io/github/zhengzhengyiyi/util/CodeSuggester with maxs=true frames=true
[Architectury Transformer DEBUG] Writing io/github/zhengzhengyiyi/util/FileLockUtil$FileLockResult with maxs=true frames=true
[Architectury Transformer DEBUG] Writing io/github/zhengzhengyiyi/util/PerformanceMonitor with maxs=true frames=true
[Architectury Transformer DEBUG] Writing io/github/zhengzhengyiyi/util/BackupHelper with maxs=true frames=true
[Architectury Transformer DEBUG] Writing io/github/zhengzhengyiyi/util/TextSearchEngine with maxs=true frames=true
[Architectury Transformer DEBUG] Writing io/github/zhengzhengyiyi/util/highlighter/TextSyntaxHighlighter$Token with maxs=true frames=true
[Architectury Transformer DEBUG] Writing io/github/zhengzhengyiyi/util/highlighter/JsonSyntaxHighlighter with maxs=true frames=true
[Architectury Transformer DEBUG] Writing io/github/zhengzhengyiyi/util/highlighter/YamlSyntaxHighlighter with maxs=true frames=true
[Architectury Transformer DEBUG] Writing io/github/zhengzhengyiyi/util/highlighter/YamlSyntaxHighlighter$Token with maxs=true frames=true
[Architectury Transformer DEBUG] Writing io/github/zhengzhengyiyi/util/highlighter/TextSyntaxHighlighter$TokenType with maxs=true frames=true
[Architectury Transformer DEBUG] Writing io/github/zhengzhengyiyi/util/highlighter/CfgSyntaxHighlighter with maxs=true frames=true
[Architectury Transformer DEBUG] Writing io/github/zhengzhengyiyi/util/highlighter/CfgSyntaxHighlighter$TokenType with maxs=true frames=true
[Architectury Transformer DEBUG] Writing io/github/zhengzhengyiyi/util/highlighter/JsonSyntaxHighlighter$TokenType with maxs=true frames=true
[Architectury Transformer DEBUG] Writing io/github/zhengzhengyiyi/util/highlighter/JsonSyntaxHighlighter$Token with maxs=true frames=true
[Architectury Transformer DEBUG] Writing io/github/zhengzhengyiyi/util/highlighter/PropertiesSyntaxHighlighter$TokenType with maxs=true frames=true
[Architectury Transformer DEBUG] Writing io/github/zhengzhengyiyi/util/highlighter/PropertiesSyntaxHighlighter$Token with maxs=true frames=true
[Architectury Transformer DEBUG] Writing io/github/zhengzhengyiyi/util/highlighter/YamlSyntaxHighlighter$TokenType with maxs=true frames=true
[Architectury Transformer DEBUG] Writing io/github/zhengzhengyiyi/util/highlighter/PropertiesSyntaxHighlighter with maxs=true frames=true
[Architectury Transformer DEBUG] Writing io/github/zhengzhengyiyi/util/highlighter/TextSyntaxHighlighter with maxs=true frames=true
[Architectury Transformer DEBUG] Writing io/github/zhengzhengyiyi/util/highlighter/CfgSyntaxHighlighter$Token with maxs=true frames=true
[Architectury Transformer DEBUG] Writing io/github/zhengzhengyiyi/util/highlighter/TomlSyntaxHighlighter with maxs=true frames=true
[Architectury Transformer DEBUG] Writing io/github/zhengzhengyiyi/util/highlighter/HighLighter with maxs=true frames=true
[Architectury Transformer DEBUG] Writing io/github/zhengzhengyiyi/util/highlighter/TomlSyntaxHighlighter$Token with maxs=true frames=true
[Architectury Transformer DEBUG] Writing io/github/zhengzhengyiyi/util/highlighter/TomlSyntaxHighlighter$TokenType with maxs=true frames=true
[Architectury Transformer DEBUG] Writing io/github/zhengzhengyiyi/util/JSONError with maxs=true frames=true
[Architectury Transformer DEBUG] Writing io/github/zhengzhengyiyi/util/PerformanceMonitor$Timer with maxs=true frames=true
[Architectury Transformer DEBUG] Writing io/github/zhengzhengyiyi/config/ModConfigData with maxs=true frames=true
[Architectury Transformer DEBUG] Writing io/github/zhengzhengyiyi/config/ModConfigData$ThemeMode with maxs=true frames=true
[Architectury Transformer DEBUG] Writing io/github/zhengzhengyiyi/CommonEntryPoint with maxs=true frames=true
[Architectury Transformer DEBUG] Writing io/github/zhengzhengyiyi/mixin/client/ExampleClientMixin with maxs=true frames=true
[Architectury Transformer DEBUG] Writing io/github/zhengzhengyiyi/gui/widget/GeneralMultilineEditor with maxs=true frames=true
[Architectury Transformer DEBUG] Writing io/github/zhengzhengyiyi/gui/widget/MultilineEditor with maxs=true frames=true
[Architectury Transformer DEBUG] Writing io/github/zhengzhengyiyi/gui/widget/AbstractEditor with maxs=true frames=true
[Architectury Transformer DEBUG] Writing io/github/zhengzhengyiyi/gui/NbtEditorScreen2 with maxs=true frames=true
[Architectury Transformer DEBUG] Writing io/github/zhengzhengyiyi/gui/NbtEditorScreen with maxs=true frames=true
[Architectury Transformer DEBUG] Writing io/github/zhengzhengyiyi/gui/EditorScreen$1 with maxs=true frames=true
[Architectury Transformer DEBUG] Writing io/github/zhengzhengyiyi/gui/theme/ThemeManager with maxs=true frames=true
[Architectury Transformer DEBUG] Writing io/github/zhengzhengyiyi/gui/EditorScreen with maxs=true frames=true
[Architectury Transformer DEBUG] Writing io/github/zhengzhengyiyi/gui/AIChatScreen with maxs=true frames=true
[Architectury Transformer DEBUG] Writing io/github/zhengzhengyiyi/addon/UndoRedoEntrypoint with maxs=true frames=true
[Architectury Transformer DEBUG] Writing io/github/zhengzhengyiyi/addon/DateTimeDisplayEntrypoint with maxs=true frames=true
[Architectury Transformer DEBUG] Writing io/github/zhengzhengyiyi/addon/TextStatsEntrypoint with maxs=true frames=true
[Architectury Transformer DEBUG] Writing io/github/zhengzhengyiyi/addon/AutoBracketCompletionEntrypoint with maxs=true frames=true
[Architectury Transformer DEBUG] Writing io/github/zhengzhengyiyi/api/ApiEntrypoint with maxs=true frames=true
[Architectury Transformer DEBUG] Writing io/github/zhengzhengyiyi/api/config/ConfigManager with maxs=true frames=true
[Architectury Transformer DEBUG] Writing io/github/zhengzhengyiyi/api/config/ConfigData with maxs=true frames=true
[Architectury Transformer DEBUG] Writing io/github/zhengzhengyiyi/api/FileType$DefaultHighlighter with maxs=true frames=true
[Architectury Transformer DEBUG] Writing io/github/zhengzhengyiyi/api/FileType with maxs=true frames=true
[Architectury Transformer DEBUG] Writing io/github/zhengzhengyiyi/api/AiClient with maxs=true frames=true
[Architectury Transformer DEBUG] Writing io/github/zhengzhengyiyi/NbtSaver with maxs=true frames=true
[Architectury Transformer DEBUG] Checking whether /config_editor-common-common-refmap.json is a mixin config.
[Architectury Transformer DEBUG] Checking whether /config_editor.mixins.json is a mixin config.
[Architectury Transformer DEBUG] Closed File Systems for /var/folders/d2/kkprk53n2376fxf520276h_h0000gn/T/13653735529066956261.jar
[Architectury Transformer] Listening at /Users/JunxiangZheng/Desktop/config_editor_multi/common/build/devlibs/config_editor-common-1.1.9-dev.jar
[Architectury Transformer DEBUG] Temporary jar [/var/folders/d2/kkprk53n2376fxf520276h_h0000gn/T/13653735529066956261.jar] contains packages: io.github.zhengzhengyiyi.config, io.github.zhengzhengyiyi.util.highlighter, io.github.zhengzhengyiyi, io.github.zhengzhengyiyi.addon, io.github.zhengzhengyiyi.gui, io.github.zhengzhengyiyi.gui.widget, io.github.zhengzhengyiyi.mixin.client, io.github.zhengzhengyiyi.gui.theme, io.github.zhengzhengyiyi.util, io.github.zhengzhengyiyi.api, io.github.zhengzhengyiyi.api.config
[Architectury Transformer DEBUG] Closed File Systems for /Users/JunxiangZheng/Desktop/config_editor_multi/common/build/devlibs/config_editor-common-1.1.9-dev.jar
[Architectury Transformer DEBUG] Classpath entry [/Users/JunxiangZheng/Desktop/config_editor_multi/fabric/build/classes/java/main] contains packages: io.github.zhengzhengyiyi.fabric, io.github.zhengzhengyiyi.fabric.client
[Architectury Transformer DEBUG] Classpath entry [/Users/JunxiangZheng/Desktop/config_editor_multi/fabric/build/resources/main] contains packages: 
[Architectury Transformer DEBUG] Transforming from io/github/zhengzhengyiyi/gui/EditorScreen.class to io/github/zhengzhengyiyi/gui/EditorScreen.class with 5 transformer(s) on dev.architectury.transformer.handler.TinyRemapperPreparedTransformerHandler
[Architectury Transformer DEBUG] Found class transformer
[Architectury Transformer DEBUG] Writing io/github/zhengzhengyiyi/gui/EditorScreen with maxs=true frames=true
[Architectury Transformer DEBUG] Transformed io/github/zhengzhengyiyi/gui/EditorScreen in 17.29 ms
[Architectury Transformer DEBUG] Transforming from io/github/zhengzhengyiyi/gui/AIChatScreen.class to io/github/zhengzhengyiyi/gui/AIChatScreen.class with 5 transformer(s) on dev.architectury.transformer.handler.TinyRemapperPreparedTransformerHandler
[Architectury Transformer DEBUG] Found class transformer
[Architectury Transformer DEBUG] Writing io/github/zhengzhengyiyi/gui/AIChatScreen with maxs=true frames=true
[Architectury Transformer DEBUG] Transformed io/github/zhengzhengyiyi/gui/AIChatScreen in 6.423 ms
[Architectury Transformer DEBUG] Transforming from io/github/zhengzhengyiyi/addon/UndoRedoEntrypoint.class to io/github/zhengzhengyiyi/addon/UndoRedoEntrypoint.class with 5 transformer(s) on dev.architectury.transformer.handler.TinyRemapperPreparedTransformerHandler
[Architectury Transformer DEBUG] Found class transformer
[Architectury Transformer DEBUG] Writing io/github/zhengzhengyiyi/addon/UndoRedoEntrypoint with maxs=true frames=true
[Architectury Transformer DEBUG] Transformed io/github/zhengzhengyiyi/addon/UndoRedoEntrypoint in 1.744 ms
[Architectury Transformer DEBUG] Transforming from io/github/zhengzhengyiyi/api/ApiEntrypoint.class to io/github/zhengzhengyiyi/api/ApiEntrypoint.class with 5 transformer(s) on dev.architectury.transformer.handler.TinyRemapperPreparedTransformerHandler
[Architectury Transformer DEBUG] Found class transformer
[Architectury Transformer DEBUG] Writing io/github/zhengzhengyiyi/api/ApiEntrypoint with maxs=true frames=true
[Architectury Transformer DEBUG] Transformed io/github/zhengzhengyiyi/api/ApiEntrypoint in 696.0 μs
[Architectury Transformer DEBUG] Transforming from io/github/zhengzhengyiyi/CommonEntryPoint.class to io/github/zhengzhengyiyi/CommonEntryPoint.class with 5 transformer(s) on dev.architectury.transformer.handler.TinyRemapperPreparedTransformerHandler
[Architectury Transformer DEBUG] Found class transformer
[Architectury Transformer DEBUG] Writing io/github/zhengzhengyiyi/CommonEntryPoint with maxs=true frames=true
[Architectury Transformer DEBUG] Transformed io/github/zhengzhengyiyi/CommonEntryPoint in 2.336 ms
[Architectury Transformer DEBUG] Transforming from io/github/zhengzhengyiyi/api/config/ConfigData.class to io/github/zhengzhengyiyi/api/config/ConfigData.class with 5 transformer(s) on dev.architectury.transformer.handler.TinyRemapperPreparedTransformerHandler
[Architectury Transformer DEBUG] Found class transformer
[Architectury Transformer DEBUG] Writing io/github/zhengzhengyiyi/api/config/ConfigData with maxs=true frames=true
[Architectury Transformer DEBUG] Transformed io/github/zhengzhengyiyi/api/config/ConfigData in 568.9 μs
[Architectury Transformer DEBUG] Transforming from io/github/zhengzhengyiyi/config/ModConfigData.class to io/github/zhengzhengyiyi/config/ModConfigData.class with 5 transformer(s) on dev.architectury.transformer.handler.TinyRemapperPreparedTransformerHandler
[Architectury Transformer DEBUG] Found class transformer
[Architectury Transformer DEBUG] Writing io/github/zhengzhengyiyi/config/ModConfigData with maxs=true frames=true
[Architectury Transformer DEBUG] Transformed io/github/zhengzhengyiyi/config/ModConfigData in 796.3 μs
[Architectury Transformer DEBUG] Transforming from io/github/zhengzhengyiyi/api/config/ConfigManager.class to io/github/zhengzhengyiyi/api/config/ConfigManager.class with 5 transformer(s) on dev.architectury.transformer.handler.TinyRemapperPreparedTransformerHandler
[Architectury Transformer DEBUG] Found class transformer
[Architectury Transformer DEBUG] Writing io/github/zhengzhengyiyi/api/config/ConfigManager with maxs=true frames=true
[Architectury Transformer DEBUG] Transformed io/github/zhengzhengyiyi/api/config/ConfigManager in 2.879 ms
[Architectury Transformer DEBUG] Transforming from io/github/zhengzhengyiyi/config/ModConfigData$ThemeMode.class to io/github/zhengzhengyiyi/config/ModConfigData$ThemeMode.class with 5 transformer(s) on dev.architectury.transformer.handler.TinyRemapperPreparedTransformerHandler
[Architectury Transformer DEBUG] Found class transformer
[Architectury Transformer DEBUG] Writing io/github/zhengzhengyiyi/config/ModConfigData$ThemeMode with maxs=true frames=true
[Architectury Transformer DEBUG] Transformed io/github/zhengzhengyiyi/config/ModConfigData$ThemeMode in 1.220 ms
[Architectury Transformer DEBUG] Transforming from io/github/zhengzhengyiyi/addon/TextStatsEntrypoint.class to io/github/zhengzhengyiyi/addon/TextStatsEntrypoint.class with 5 transformer(s) on dev.architectury.transformer.handler.TinyRemapperPreparedTransformerHandler
[Architectury Transformer DEBUG] Found class transformer
[Architectury Transformer DEBUG] Writing io/github/zhengzhengyiyi/addon/TextStatsEntrypoint with maxs=true frames=true
[Architectury Transformer DEBUG] Transformed io/github/zhengzhengyiyi/addon/TextStatsEntrypoint in 1.198 ms
[Architectury Transformer DEBUG] Transforming from io/github/zhengzhengyiyi/addon/DateTimeDisplayEntrypoint.class to io/github/zhengzhengyiyi/addon/DateTimeDisplayEntrypoint.class with 5 transformer(s) on dev.architectury.transformer.handler.TinyRemapperPreparedTransformerHandler
[Architectury Transformer DEBUG] Found class transformer
[Architectury Transformer DEBUG] Writing io/github/zhengzhengyiyi/addon/DateTimeDisplayEntrypoint with maxs=true frames=true
[Architectury Transformer DEBUG] Transformed io/github/zhengzhengyiyi/addon/DateTimeDisplayEntrypoint in 785.8 μs
[Architectury Transformer DEBUG] Transforming from io/github/zhengzhengyiyi/addon/AutoBracketCompletionEntrypoint.class to io/github/zhengzhengyiyi/addon/AutoBracketCompletionEntrypoint.class with 5 transformer(s) on dev.architectury.transformer.handler.TinyRemapperPreparedTransformerHandler
[Architectury Transformer DEBUG] Found class transformer
[Architectury Transformer DEBUG] Writing io/github/zhengzhengyiyi/addon/AutoBracketCompletionEntrypoint with maxs=true frames=true
[Architectury Transformer DEBUG] Transformed io/github/zhengzhengyiyi/addon/AutoBracketCompletionEntrypoint in 1.051 ms
